<?xml version="1.0" encoding="UTF-8"?>
<!-- Generated by org.testng.reporters.JUnitReportReporter -->
<testsuite hostname="LAPTOP-TT1KHOTN" failures="0" tests="5" name="com.paypal.APITesting.testcases.CreateProductTest" time="9.304" errors="0" timestamp="2020-04-11T21:42:35 CEST" skipped="0">
  <testcase classname="com.paypal.APITesting.testcases.CreateProductTest" name="getAuthKey" time="3.036"/>
  <system-out/>
  <testcase classname="com.paypal.APITesting.testcases.CreateProductTest" name="validateCreateProductAPIWithValidSecretKey" time="2.125"/>
  <system-out/>
  <testcase classname="com.paypal.APITesting.testcases.CreateProductTest" name="validateCreateProductAPIWithInvalidSecretKey" time="1.284"/>
  <system-out/>
  <testcase classname="com.paypal.APITesting.testcases.CreateProductTest" name="validatevalidHTTPrequest" time="1.324"/>
  <system-out/>
  <testcase classname="com.paypal.APITesting.testcases.CreateProductTest" name="validatethatvalidtestvalues" time="1.535"/>
  <system-out/>
</testsuite> <!-- com.paypal.APITesting.testcases.CreateProductTest -->
