<?xml version="1.0" encoding="UTF-8"?>
<!-- Generated by org.testng.reporters.JUnitReportReporter -->
<testsuite hostname="LAPTOP-TT1KHOTN" failures="0" tests="3" name="com.paypal.APITesting.testcases.CreateOrdersTest" time="5.787" errors="0" timestamp="2020-04-18T12:40:16 CEST" skipped="0">
  <testcase classname="com.paypal.APITesting.testcases.CreateOrdersTest" name="getAuthKey" time="2.519"/>
  <system-out/>
  <testcase classname="com.paypal.APITesting.testcases.CreateOrdersTest" name="ValidateValidRequestForCreatingAnOrder" time="2.131"/>
  <system-out/>
  <testcase classname="com.paypal.APITesting.testcases.CreateOrdersTest" name="ValidateErrorMessageWithInvalidCurrencyCode" time="1.137"/>
  <system-out/>
</testsuite> <!-- com.paypal.APITesting.testcases.CreateOrdersTest -->
