<?xml version="1.0" encoding="UTF-8"?>
<!-- Generated by org.testng.reporters.JUnitReportReporter -->
<testsuite hostname="LAPTOP-TT1KHOTN" failures="0" tests="4" name="com.paypal.APIrough.TestPaypal" time="8.642" errors="0" timestamp="2020-04-18T18:49:11 CEST" skipped="0">
  <testcase classname="com.paypal.APIrough.TestPaypal" name="getAuthKey" time="3.383"/>
  <system-out/>
  <testcase classname="com.paypal.APIrough.TestPaypal" name="createOrder" time="2.388"/>
  <system-out/>
  <testcase classname="com.paypal.APIrough.TestPaypal" name="updateOrder" time="1.488"/>
  <system-out/>
  <testcase classname="com.paypal.APIrough.TestPaypal" name="getOrder" time="1.383"/>
  <system-out/>
</testsuite> <!-- com.paypal.APIrough.TestPaypal -->
