<?xml version="1.0" encoding="UTF-8"?>
<!-- Generated by org.testng.reporters.JUnitReportReporter -->
<testsuite hostname="LAPTOP-TT1KHOTN" failures="0" tests="4" name="com.paypal.APITesting.testcases.UpdateOrdersTest" time="7.915" errors="0" timestamp="2020-04-18T14:47:10 CEST" skipped="0">
  <testcase classname="com.paypal.APITesting.testcases.UpdateOrdersTest" name="getAuthKey" time="2.846"/>
  <system-out/>
  <testcase classname="com.paypal.APITesting.testcases.UpdateOrdersTest" name="CreateAnOrder" time="2.116"/>
  <system-out/>
  <testcase classname="com.paypal.APITesting.testcases.UpdateOrdersTest" name="ValidRequestForAddingAddress" time="1.522"/>
  <system-out/>
  <testcase classname="com.paypal.APITesting.testcases.UpdateOrdersTest" name="ValidRequestForReplacinAddress" time="1.431"/>
  <system-out/>
</testsuite> <!-- com.paypal.APITesting.testcases.UpdateOrdersTest -->
