<?xml version="1.0" encoding="UTF-8"?>
<!-- Generated by org.testng.reporters.JUnitReportReporter -->
<testsuite hostname="LAPTOP-TT1KHOTN" failures="0" tests="4" name="com.paypal.APITesting.pojo.testcases.UpdateOrdersTestPojo" time="8.282" errors="0" timestamp="2020-04-18T18:50:53 CEST" skipped="0">
  <testcase classname="com.paypal.APITesting.pojo.testcases.UpdateOrdersTestPojo" name="getAuthKey" time="2.738"/>
  <system-out/>
  <testcase classname="com.paypal.APITesting.pojo.testcases.UpdateOrdersTestPojo" name="AddAddressUsingServiceUpdateOrderPoJo" time="1.464"/>
  <system-out/>
  <testcase classname="com.paypal.APITesting.pojo.testcases.UpdateOrdersTestPojo" name="CreateAnOrder" time="2.547"/>
  <system-out/>
  <testcase classname="com.paypal.APITesting.pojo.testcases.UpdateOrdersTestPojo" name="UpdateAddressUsingServiceUpdateOrderPoJo" time="1.533"/>
  <system-out/>
</testsuite> <!-- com.paypal.APITesting.pojo.testcases.UpdateOrdersTestPojo -->
