<?xml version="1.0" encoding="UTF-8"?>
<!-- Generated by org.testng.reporters.JUnitReportReporter -->
<testsuite hostname="LAPTOP-TT1KHOTN" failures="0" tests="5" name="com.paypal.APIrough.PaypalProductTest" time="8.972" errors="0" timestamp="2020-04-09T19:40:44 CEST" skipped="0">
  <testcase classname="com.paypal.APIrough.PaypalProductTest" name="getAuthKey" time="2.850"/>
  <system-out/>
  <testcase classname="com.paypal.APIrough.PaypalProductTest" name="CreateCatalogProduct" time="1.847"/>
  <system-out/>
  <testcase classname="com.paypal.APIrough.PaypalProductTest" name="ListCatalogProduct" time="1.824"/>
  <system-out/>
  <testcase classname="com.paypal.APIrough.PaypalProductTest" name="UpdateCatalogProduct" time="1.228"/>
  <system-out/>
  <testcase classname="com.paypal.APIrough.PaypalProductTest" name="ShowProductDetails" time="1.223"/>
  <system-out/>
</testsuite> <!-- com.paypal.APIrough.PaypalProductTest -->
